\BOOKMARK [0][-]{chapter.1}{Project concept and technologies}{}% 1
\BOOKMARK [1][-]{section.1.1}{VR and physiological signals}{chapter.1}% 2
\BOOKMARK [1][-]{section.1.2}{Idea and requirements}{chapter.1}% 3
\BOOKMARK [2][-]{subsection.1.2.1}{Use cases}{section.1.2}% 4
\BOOKMARK [2][-]{subsection.1.2.2}{Requirements}{section.1.2}% 5
\BOOKMARK [1][-]{section.1.3}{Virtual Reality}{chapter.1}% 6
\BOOKMARK [2][-]{subsection.1.3.1}{VR spread}{section.1.3}% 7
\BOOKMARK [2][-]{subsection.1.3.2}{Applications}{section.1.3}% 8
\BOOKMARK [2][-]{subsection.1.3.3}{Measures}{section.1.3}% 9
\BOOKMARK [2][-]{subsection.1.3.4}{VR headsets}{section.1.3}% 10
\BOOKMARK [2][-]{subsection.1.3.5}{Tracking devices}{section.1.3}% 11
\BOOKMARK [1][-]{section.1.4}{Physiological signals}{chapter.1}% 12
\BOOKMARK [2][-]{subsection.1.4.1}{Wearable devices}{section.1.4}% 13
\BOOKMARK [2][-]{subsection.1.4.2}{Professional kits}{section.1.4}% 14
\BOOKMARK [1][-]{section.1.5}{Used technologies}{chapter.1}% 15
\BOOKMARK [0][-]{chapter.2}{Design}{}% 16
\BOOKMARK [1][-]{section.2.1}{Similar systems}{chapter.2}% 17
\BOOKMARK [2][-]{subsection.2.1.1}{Design}{section.2.1}% 18
\BOOKMARK [2][-]{subsection.2.1.2}{Physiological sensors}{section.2.1}% 19
\BOOKMARK [2][-]{subsection.2.1.3}{Connectivity and libraries}{section.2.1}% 20
\BOOKMARK [2][-]{subsection.2.1.4}{Events and triggers}{section.2.1}% 21
\BOOKMARK [2][-]{subsection.2.1.5}{Synchronization}{section.2.1}% 22
\BOOKMARK [2][-]{subsection.2.1.6}{Extensions}{section.2.1}% 23
\BOOKMARK [1][-]{section.2.2}{Design}{chapter.2}% 24
\BOOKMARK [2][-]{subsection.2.2.1}{Initial design}{section.2.2}% 25
\BOOKMARK [2][-]{subsection.2.2.2}{First prototype}{section.2.2}% 26
\BOOKMARK [2][-]{subsection.2.2.3}{Second prototype}{section.2.2}% 27
\BOOKMARK [2][-]{subsection.2.2.4}{Third prototype}{section.2.2}% 28
\BOOKMARK [1][-]{section.2.3}{Synchronization}{chapter.2}% 29
\BOOKMARK [0][-]{chapter.3}{Realization}{}% 30
\BOOKMARK [1][-]{section.3.1}{Main development phases}{chapter.3}% 31
\BOOKMARK [2][-]{subsection.3.1.1}{GUI}{section.3.1}% 32
\BOOKMARK [2][-]{subsection.3.1.2}{First prototype}{section.3.1}% 33
\BOOKMARK [2][-]{subsection.3.1.3}{Second prototype}{section.3.1}% 34
\BOOKMARK [2][-]{subsection.3.1.4}{Third prototype}{section.3.1}% 35
\BOOKMARK [1][-]{section.3.2}{Third-party software}{chapter.3}% 36
\BOOKMARK [1][-]{section.3.3}{Build and usage instructions}{chapter.3}% 37
\BOOKMARK [0][-]{chapter.4}{Validation}{}% 38
\BOOKMARK [1][-]{section.4.1}{Proof of concept test}{chapter.4}% 39
\BOOKMARK [2][-]{subsection.4.1.1}{Development}{section.4.1}% 40
\BOOKMARK [2][-]{subsection.4.1.2}{Test protocol}{section.4.1}% 41
\BOOKMARK [2][-]{subsection.4.1.3}{Results}{section.4.1}% 42
\BOOKMARK [1][-]{section.4.2}{Usability test}{chapter.4}% 43
\BOOKMARK [2][-]{subsection.4.2.1}{Protocol}{section.4.2}% 44
\BOOKMARK [2][-]{subsection.4.2.2}{Results}{section.4.2}% 45
\BOOKMARK [0][-]{section*.54}{Bibliography}{}% 46
